{"/Users/samssjubair/Documents/fun/react-testing/src/App.jsx": {"path":"/Users/samssjubair/Documents/fun/react-testing/src/App.jsx","all":true,"statementMap":{"0":{"start":{"line":1,"column":0},"end":{"line":1,"column":19}},"1":{"start":{"line":2,"column":0},"end":{"line":2,"column":51}},"2":{"start":{"line":3,"column":0},"end":{"line":3,"column":45}},"3":{"start":{"line":4,"column":0},"end":{"line":4,"column":51}},"5":{"start":{"line":6,"column":0},"end":{"line":6,"column":16}},"6":{"start":{"line":7,"column":0},"end":{"line":7,"column":10}},"7":{"start":{"line":8,"column":0},"end":{"line":8,"column":6}},"8":{"start":{"line":9,"column":0},"end":{"line":9,"column":33}},"9":{"start":{"line":10,"column":0},"end":{"line":10,"column":17}},"10":{"start":{"line":11,"column":0},"end":{"line":11,"column":32}},"11":{"start":{"line":12,"column":0},"end":{"line":12,"column":7}},"13":{"start":{"line":14,"column":0},"end":{"line":14,"column":1}},"15":{"start":{"line":16,"column":0},"end":{"line":16,"column":19}}},"s":{"0":0,"1":0,"2":0,"3":0,"5":0,"6":0,"7":0,"8":0,"9":0,"10":0,"11":0,"13":0,"15":0},"branchMap":{"0":{"type":"branch","line":1,"loc":{"start":{"line":1,"column":326},"end":{"line":16,"column":19}},"locations":[{"start":{"line":1,"column":326},"end":{"line":16,"column":19}}]}},"b":{"0":[0]},"fnMap":{"0":{"name":"(empty-report)","decl":{"start":{"line":1,"column":326},"end":{"line":16,"column":19}},"loc":{"start":{"line":1,"column":326},"end":{"line":16,"column":19}},"line":1}},"f":{"0":0}}
,"/Users/samssjubair/Documents/fun/react-testing/src/main.jsx": {"path":"/Users/samssjubair/Documents/fun/react-testing/src/main.jsx","all":true,"statementMap":{"0":{"start":{"line":1,"column":0},"end":{"line":1,"column":25}},"1":{"start":{"line":2,"column":0},"end":{"line":2,"column":39}},"2":{"start":{"line":3,"column":0},"end":{"line":3,"column":27}},"3":{"start":{"line":4,"column":0},"end":{"line":4,"column":20}},"5":{"start":{"line":6,"column":0},"end":{"line":6,"column":60}},"6":{"start":{"line":7,"column":0},"end":{"line":7,"column":20}},"7":{"start":{"line":8,"column":0},"end":{"line":8,"column":11}},"8":{"start":{"line":9,"column":0},"end":{"line":9,"column":22}},"9":{"start":{"line":10,"column":0},"end":{"line":10,"column":1}}},"s":{"0":0,"1":0,"2":0,"3":0,"5":0,"6":0,"7":0,"8":0,"9":0},"branchMap":{"0":{"type":"branch","line":1,"loc":{"start":{"line":1,"column":234},"end":{"line":10,"column":1}},"locations":[{"start":{"line":1,"column":234},"end":{"line":10,"column":1}}]}},"b":{"0":[0]},"fnMap":{"0":{"name":"(empty-report)","decl":{"start":{"line":1,"column":234},"end":{"line":10,"column":1}},"loc":{"start":{"line":1,"column":234},"end":{"line":10,"column":1}},"line":1}},"f":{"0":0}}
,"/Users/samssjubair/Documents/fun/react-testing/src/useCounter.js": {"path":"/Users/samssjubair/Documents/fun/react-testing/src/useCounter.js","all":false,"statementMap":{"0":{"start":{"line":1,"column":0},"end":{"line":1,"column":56}},"2":{"start":{"line":3,"column":0},"end":{"line":3,"column":46}},"3":{"start":{"line":4,"column":0},"end":{"line":4,"column":51}},"4":{"start":{"line":5,"column":0},"end":{"line":5,"column":10}},"5":{"start":{"line":6,"column":0},"end":{"line":6,"column":10}},"6":{"start":{"line":7,"column":0},"end":{"line":7,"column":44}},"7":{"start":{"line":8,"column":0},"end":{"line":8,"column":44}},"8":{"start":{"line":9,"column":0},"end":{"line":9,"column":4}},"9":{"start":{"line":10,"column":0},"end":{"line":10,"column":1}}},"s":{"0":1,"2":1,"3":5,"4":5,"5":5,"6":5,"7":5,"8":5,"9":5},"branchMap":{"0":{"type":"branch","line":3,"loc":{"start":{"line":3,"column":7},"end":{"line":10,"column":1}},"locations":[{"start":{"line":3,"column":7},"end":{"line":10,"column":1}}]},"1":{"type":"branch","line":7,"loc":{"start":{"line":7,"column":15},"end":{"line":7,"column":43}},"locations":[{"start":{"line":7,"column":15},"end":{"line":7,"column":43}}]},"2":{"type":"branch","line":7,"loc":{"start":{"line":7,"column":30},"end":{"line":7,"column":42}},"locations":[{"start":{"line":7,"column":30},"end":{"line":7,"column":42}}]},"3":{"type":"branch","line":8,"loc":{"start":{"line":8,"column":15},"end":{"line":8,"column":43}},"locations":[{"start":{"line":8,"column":15},"end":{"line":8,"column":43}}]},"4":{"type":"branch","line":8,"loc":{"start":{"line":8,"column":30},"end":{"line":8,"column":42}},"locations":[{"start":{"line":8,"column":30},"end":{"line":8,"column":42}}]}},"b":{"0":[5],"1":[1],"2":[1],"3":[1],"4":[1]},"fnMap":{"0":{"name":"useCounter","decl":{"start":{"line":3,"column":7},"end":{"line":10,"column":1}},"loc":{"start":{"line":3,"column":7},"end":{"line":10,"column":1}},"line":3},"1":{"name":"increment","decl":{"start":{"line":7,"column":15},"end":{"line":7,"column":43}},"loc":{"start":{"line":7,"column":15},"end":{"line":7,"column":43}},"line":7},"2":{"name":"decrement","decl":{"start":{"line":8,"column":15},"end":{"line":8,"column":43}},"loc":{"start":{"line":8,"column":15},"end":{"line":8,"column":43}},"line":8}},"f":{"0":5,"1":1,"2":1}}
,"/Users/samssjubair/Documents/fun/react-testing/src/components/Greeting.jsx": {"path":"/Users/samssjubair/Documents/fun/react-testing/src/components/Greeting.jsx","all":false,"statementMap":{"0":{"start":{"line":1,"column":0},"end":{"line":1,"column":26}},"2":{"start":{"line":3,"column":0},"end":{"line":3,"column":29}},"3":{"start":{"line":4,"column":0},"end":{"line":4,"column":44}},"4":{"start":{"line":5,"column":0},"end":{"line":5,"column":1}},"6":{"start":{"line":7,"column":0},"end":{"line":7,"column":24}}},"s":{"0":1,"2":2,"3":2,"4":2,"6":1},"branchMap":{"0":{"type":"branch","line":3,"loc":{"start":{"line":3,"column":0},"end":{"line":5,"column":1}},"locations":[{"start":{"line":3,"column":0},"end":{"line":5,"column":1}}]},"1":{"type":"branch","line":4,"loc":{"start":{"line":4,"column":21},"end":{"line":4,"column":37}},"locations":[{"start":{"line":4,"column":21},"end":{"line":4,"column":37}}]}},"b":{"0":[2],"1":[1]},"fnMap":{"0":{"name":"Greeting","decl":{"start":{"line":3,"column":0},"end":{"line":5,"column":1}},"loc":{"start":{"line":3,"column":0},"end":{"line":5,"column":1}},"line":3}},"f":{"0":2}}
,"/Users/samssjubair/Documents/fun/react-testing/src/components/UserProfile.jsx": {"path":"/Users/samssjubair/Documents/fun/react-testing/src/components/UserProfile.jsx","all":false,"statementMap":{"0":{"start":{"line":1,"column":0},"end":{"line":1,"column":51}},"2":{"start":{"line":3,"column":0},"end":{"line":3,"column":34}},"3":{"start":{"line":4,"column":0},"end":{"line":4,"column":41}},"5":{"start":{"line":6,"column":0},"end":{"line":6,"column":19}},"6":{"start":{"line":7,"column":0},"end":{"line":7,"column":65}},"7":{"start":{"line":8,"column":0},"end":{"line":8,"column":32}},"8":{"start":{"line":9,"column":0},"end":{"line":9,"column":37}},"9":{"start":{"line":10,"column":0},"end":{"line":10,"column":15}},"11":{"start":{"line":12,"column":0},"end":{"line":12,"column":38}},"12":{"start":{"line":13,"column":0},"end":{"line":13,"column":10}},"13":{"start":{"line":14,"column":0},"end":{"line":14,"column":9}},"14":{"start":{"line":15,"column":0},"end":{"line":15,"column":26}},"15":{"start":{"line":16,"column":0},"end":{"line":16,"column":25}},"16":{"start":{"line":17,"column":0},"end":{"line":17,"column":10}},"18":{"start":{"line":19,"column":0},"end":{"line":19,"column":1}},"20":{"start":{"line":21,"column":0},"end":{"line":21,"column":27}}},"s":{"0":1,"2":2,"3":2,"5":2,"6":1,"7":1,"8":1,"9":2,"11":2,"12":1,"13":1,"14":1,"15":1,"16":1,"18":1,"20":1},"branchMap":{"0":{"type":"branch","line":3,"loc":{"start":{"line":3,"column":0},"end":{"line":19,"column":1}},"locations":[{"start":{"line":3,"column":0},"end":{"line":19,"column":1}}]},"1":{"type":"branch","line":12,"loc":{"start":{"line":12,"column":13},"end":{"line":19,"column":1}},"locations":[{"start":{"line":12,"column":13},"end":{"line":19,"column":1}}]},"2":{"type":"branch","line":6,"loc":{"start":{"line":6,"column":12},"end":{"line":10,"column":5}},"locations":[{"start":{"line":6,"column":12},"end":{"line":10,"column":5}}]},"3":{"type":"branch","line":8,"loc":{"start":{"line":8,"column":12},"end":{"line":8,"column":31}},"locations":[{"start":{"line":8,"column":12},"end":{"line":8,"column":31}}]},"4":{"type":"branch","line":9,"loc":{"start":{"line":9,"column":12},"end":{"line":9,"column":35}},"locations":[{"start":{"line":9,"column":12},"end":{"line":9,"column":35}}]}},"b":{"0":[2],"1":[1],"2":[1],"3":[1],"4":[1]},"fnMap":{"0":{"name":"UserProfile","decl":{"start":{"line":3,"column":0},"end":{"line":19,"column":1}},"loc":{"start":{"line":3,"column":0},"end":{"line":19,"column":1}},"line":3}},"f":{"0":2}}
,"/Users/samssjubair/Documents/fun/react-testing/src/components/Counter/Counter.jsx": {"path":"/Users/samssjubair/Documents/fun/react-testing/src/components/Counter/Counter.jsx","all":false,"statementMap":{"0":{"start":{"line":1,"column":0},"end":{"line":1,"column":40}},"1":{"start":{"line":2,"column":0},"end":{"line":2,"column":52}},"3":{"start":{"line":4,"column":0},"end":{"line":4,"column":20}},"4":{"start":{"line":5,"column":0},"end":{"line":5,"column":44}},"5":{"start":{"line":6,"column":0},"end":{"line":6,"column":10}},"6":{"start":{"line":7,"column":0},"end":{"line":7,"column":9}},"7":{"start":{"line":8,"column":0},"end":{"line":8,"column":48}},"8":{"start":{"line":9,"column":0},"end":{"line":9,"column":52}},"9":{"start":{"line":10,"column":0},"end":{"line":10,"column":10}},"11":{"start":{"line":12,"column":0},"end":{"line":12,"column":1}},"13":{"start":{"line":14,"column":0},"end":{"line":14,"column":23}}},"s":{"0":1,"1":1,"3":3,"4":3,"5":3,"6":3,"7":3,"8":3,"9":3,"11":3,"13":1},"branchMap":{"0":{"type":"branch","line":4,"loc":{"start":{"line":4,"column":0},"end":{"line":12,"column":1}},"locations":[{"start":{"line":4,"column":0},"end":{"line":12,"column":1}}]}},"b":{"0":[3]},"fnMap":{"0":{"name":"Counter","decl":{"start":{"line":4,"column":0},"end":{"line":12,"column":1}},"loc":{"start":{"line":4,"column":0},"end":{"line":12,"column":1}},"line":4}},"f":{"0":3}}
,"/Users/samssjubair/Documents/fun/react-testing/src/hooks/useCounter.js": {"path":"/Users/samssjubair/Documents/fun/react-testing/src/hooks/useCounter.js","all":false,"statementMap":{"0":{"start":{"line":1,"column":0},"end":{"line":1,"column":56}},"2":{"start":{"line":3,"column":0},"end":{"line":3,"column":46}},"3":{"start":{"line":4,"column":0},"end":{"line":4,"column":51}},"5":{"start":{"line":6,"column":0},"end":{"line":6,"column":24}},"6":{"start":{"line":7,"column":0},"end":{"line":7,"column":27}},"7":{"start":{"line":8,"column":0},"end":{"line":8,"column":3}},"9":{"start":{"line":10,"column":0},"end":{"line":10,"column":24}},"10":{"start":{"line":11,"column":0},"end":{"line":11,"column":27}},"11":{"start":{"line":12,"column":0},"end":{"line":12,"column":3}},"13":{"start":{"line":14,"column":0},"end":{"line":14,"column":41}},"14":{"start":{"line":15,"column":0},"end":{"line":15,"column":1}}},"s":{"0":1,"2":1,"3":10,"5":10,"6":4,"7":4,"9":10,"10":2,"11":2,"13":10,"14":10},"branchMap":{"0":{"type":"branch","line":3,"loc":{"start":{"line":3,"column":7},"end":{"line":15,"column":1}},"locations":[{"start":{"line":3,"column":7},"end":{"line":15,"column":1}}]},"1":{"type":"branch","line":6,"loc":{"start":{"line":6,"column":2},"end":{"line":8,"column":3}},"locations":[{"start":{"line":6,"column":2},"end":{"line":8,"column":3}}]},"2":{"type":"branch","line":7,"loc":{"start":{"line":7,"column":13},"end":{"line":7,"column":25}},"locations":[{"start":{"line":7,"column":13},"end":{"line":7,"column":25}}]},"3":{"type":"branch","line":10,"loc":{"start":{"line":10,"column":2},"end":{"line":12,"column":3}},"locations":[{"start":{"line":10,"column":2},"end":{"line":12,"column":3}}]},"4":{"type":"branch","line":11,"loc":{"start":{"line":11,"column":13},"end":{"line":11,"column":25}},"locations":[{"start":{"line":11,"column":13},"end":{"line":11,"column":25}}]}},"b":{"0":[10],"1":[4],"2":[4],"3":[2],"4":[2]},"fnMap":{"0":{"name":"useCounter","decl":{"start":{"line":3,"column":7},"end":{"line":15,"column":1}},"loc":{"start":{"line":3,"column":7},"end":{"line":15,"column":1}},"line":3},"1":{"name":"increment","decl":{"start":{"line":6,"column":2},"end":{"line":8,"column":3}},"loc":{"start":{"line":6,"column":2},"end":{"line":8,"column":3}},"line":6},"2":{"name":"decrement","decl":{"start":{"line":10,"column":2},"end":{"line":12,"column":3}},"loc":{"start":{"line":10,"column":2},"end":{"line":12,"column":3}},"line":10}},"f":{"0":10,"1":4,"2":2}}
}
